<?xml version="1.0" encoding="UTF-8"?>
<coverage generated="1720884596546" clover="3.2.0">
  <project timestamp="1720884596546" name="All files">
    <metrics statements="14" coveredstatements="11" conditionals="2" coveredconditionals="1" methods="6" coveredmethods="3" elements="22" coveredelements="15" complexity="0" loc="14" ncloc="14" packages="2" files="5" classes="5"/>
    <package name="src.components">
      <metrics statements="9" coveredstatements="7" conditionals="2" coveredconditionals="1" methods="5" coveredmethods="3"/>
      <file name="Header.js" path="C:\Users\SANTHOSH HEGDE\Desktop\swiggyUIclone\src\components\Header.js">
        <metrics statements="8" coveredstatements="6" conditionals="2" coveredconditionals="1" methods="4" coveredmethods="2"/>
        <line num="6" count="1" type="stmt"/>
        <line num="7" count="1" type="stmt"/>
        <line num="8" count="1" type="stmt"/>
        <line num="9" count="1" type="stmt"/>
        <line num="10" count="2" type="stmt"/>
        <line num="11" count="1" type="stmt"/>
        <line num="35" count="0" type="stmt"/>
        <line num="37" count="0" type="stmt"/>
      </file>
      <file name="sum.js" path="C:\Users\SANTHOSH HEGDE\Desktop\swiggyUIclone\src\components\sum.js">
        <metrics statements="1" coveredstatements="1" conditionals="0" coveredconditionals="0" methods="1" coveredmethods="1"/>
        <line num="1" count="1" type="stmt"/>
      </file>
    </package>
    <package name="utils">
      <metrics statements="5" coveredstatements="4" conditionals="0" coveredconditionals="0" methods="1" coveredmethods="0"/>
      <file name="UserContext.js" path="C:\Users\SANTHOSH HEGDE\Desktop\swiggyUIclone\utils\UserContext.js">
        <metrics statements="1" coveredstatements="1" conditionals="0" coveredconditionals="0" methods="0" coveredmethods="0"/>
        <line num="3" count="1" type="stmt"/>
      </file>
      <file name="cartSlice.js" path="C:\Users\SANTHOSH HEGDE\Desktop\swiggyUIclone\utils\cartSlice.js">
        <metrics statements="3" coveredstatements="2" conditionals="0" coveredconditionals="0" methods="1" coveredmethods="0"/>
        <line num="3" count="1" type="stmt"/>
        <line num="10" count="0" type="stmt"/>
        <line num="15" count="1" type="stmt"/>
      </file>
      <file name="store.js" path="C:\Users\SANTHOSH HEGDE\Desktop\swiggyUIclone\utils\store.js">
        <metrics statements="1" coveredstatements="1" conditionals="0" coveredconditionals="0" methods="0" coveredmethods="0"/>
        <line num="4" count="1" type="stmt"/>
      </file>
    </package>
  </project>
</coverage>
