{"C:\\Users\\SANTHOSH HEGDE\\Desktop\\swiggyUIclone\\src\\components\\Header.js": {"path":"C:\\Users\\SANTHOSH HEGDE\\Desktop\\swiggyUIclone\\src\\components\\Header.js","statementMap":{"0":{"start":{"line":6,"column":15},"end":{"line":41,"column":1}},"1":{"start":{"line":7,"column":19},"end":{"line":7,"column":42}},"2":{"start":{"line":8,"column":2},"end":{"line":8,"column":20}},"3":{"start":{"line":9,"column":38},"end":{"line":9,"column":53}},"4":{"start":{"line":10,"column":25},"end":{"line":10,"column":71}},"5":{"start":{"line":10,"column":48},"end":{"line":10,"column":70}},"6":{"start":{"line":11,"column":2},"end":{"line":40,"column":4}},"7":{"start":{"line":35,"column":31},"end":{"line":35,"column":51}},"8":{"start":{"line":37,"column":31},"end":{"line":37,"column":50}}},"fnMap":{"0":{"name":"(anonymous_0)","decl":{"start":{"line":6,"column":15},"end":{"line":6,"column":16}},"loc":{"start":{"line":6,"column":21},"end":{"line":41,"column":1}},"line":6},"1":{"name":"(anonymous_1)","decl":{"start":{"line":10,"column":37},"end":{"line":10,"column":38}},"loc":{"start":{"line":10,"column":48},"end":{"line":10,"column":70}},"line":10},"2":{"name":"(anonymous_2)","decl":{"start":{"line":35,"column":25},"end":{"line":35,"column":26}},"loc":{"start":{"line":35,"column":31},"end":{"line":35,"column":51}},"line":35},"3":{"name":"(anonymous_3)","decl":{"start":{"line":37,"column":25},"end":{"line":37,"column":26}},"loc":{"start":{"line":37,"column":31},"end":{"line":37,"column":50}},"line":37}},"branchMap":{"0":{"loc":{"start":{"line":34,"column":7},"end":{"line":38,"column":7}},"type":"cond-expr","locations":[{"start":{"line":35,"column":8},"end":{"line":35,"column":68}},{"start":{"line":37,"column":8},"end":{"line":37,"column":66}}],"line":34}},"s":{"0":1,"1":1,"2":1,"3":1,"4":1,"5":2,"6":1,"7":0,"8":0},"f":{"0":1,"1":2,"2":0,"3":0},"b":{"0":[0,1]},"_coverageSchema":"1a1c01bbd47fc00a2c39e90264f33305004495a9","hash":"ec8d3cbda5805dbb61ca7e6aeffae145ee87a2cb"}
,"C:\\Users\\SANTHOSH HEGDE\\Desktop\\swiggyUIclone\\src\\components\\sum.js": {"path":"C:\\Users\\SANTHOSH HEGDE\\Desktop\\swiggyUIclone\\src\\components\\sum.js","statementMap":{"0":{"start":{"line":1,"column":19},"end":{"line":1,"column":34}},"1":{"start":{"line":1,"column":29},"end":{"line":1,"column":34}}},"fnMap":{"0":{"name":"(anonymous_0)","decl":{"start":{"line":1,"column":19},"end":{"line":1,"column":20}},"loc":{"start":{"line":1,"column":29},"end":{"line":1,"column":34}},"line":1}},"branchMap":{},"s":{"0":1,"1":1},"f":{"0":1},"b":{},"_coverageSchema":"1a1c01bbd47fc00a2c39e90264f33305004495a9","hash":"fdcac02c8683f6248df069df90976a688ee5bb34"}
,"C:\\Users\\SANTHOSH HEGDE\\Desktop\\swiggyUIclone\\utils\\UserContext.js": {"path":"C:\\Users\\SANTHOSH HEGDE\\Desktop\\swiggyUIclone\\utils\\UserContext.js","statementMap":{"0":{"start":{"line":3,"column":20},"end":{"line":3,"column":48}}},"fnMap":{},"branchMap":{},"s":{"0":1},"f":{},"b":{},"_coverageSchema":"1a1c01bbd47fc00a2c39e90264f33305004495a9","hash":"115d2c427c5661bf59b8abd8b8be2544bbdc4839"}
,"C:\\Users\\SANTHOSH HEGDE\\Desktop\\swiggyUIclone\\utils\\cartSlice.js": {"path":"C:\\Users\\SANTHOSH HEGDE\\Desktop\\swiggyUIclone\\utils\\cartSlice.js","statementMap":{"0":{"start":{"line":3,"column":18},"end":{"line":13,"column":2}},"1":{"start":{"line":10,"column":6},"end":{"line":10,"column":38}},"2":{"start":{"line":15,"column":27},"end":{"line":15,"column":44}}},"fnMap":{"0":{"name":"(anonymous_0)","decl":{"start":{"line":9,"column":13},"end":{"line":9,"column":14}},"loc":{"start":{"line":9,"column":32},"end":{"line":11,"column":5}},"line":9}},"branchMap":{},"s":{"0":1,"1":0,"2":1},"f":{"0":0},"b":{},"_coverageSchema":"1a1c01bbd47fc00a2c39e90264f33305004495a9","hash":"1d709cc4383a3c1c33c2e6ef8a2944592f30f7f3"}
,"C:\\Users\\SANTHOSH HEGDE\\Desktop\\swiggyUIclone\\utils\\store.js": {"path":"C:\\Users\\SANTHOSH HEGDE\\Desktop\\swiggyUIclone\\utils\\store.js","statementMap":{"0":{"start":{"line":4,"column":14},"end":{"line":8,"column":2}}},"fnMap":{},"branchMap":{},"s":{"0":1},"f":{},"b":{},"_coverageSchema":"1a1c01bbd47fc00a2c39e90264f33305004495a9","hash":"baa21100f08c43085281a90ffb8ef3a5121d418f"}
}
